<?xml version="1.0" encoding="UTF-8"?>
<!-- Generated by org.testng.reporters.JUnitXMLReporter -->
<testsuite hostname="User-PC" ignored="0" name="Test-Runner3" tests="1" failures="0" timestamp="07 Oct 2019 12:53:43 GMT" time="4.043" errors="0">
  <testcase name="runChrome" time="4.028" classname="testng.Parallel3"/>
</testsuite> <!-- Test-Runner3 -->
