<?xml version="1.0" encoding="UTF-8"?>
<!-- Generated by org.testng.reporters.JUnitReportReporter -->
<testsuite skipped="0" hostname="User-PC" name="acti.Demo" tests="1" failures="0" timestamp="10 Sep 2019 11:00:08 GMT" time="0.014" errors="0">
  <testcase name="run" time="0.014" classname="acti.Demo"/>
</testsuite> <!-- acti.Demo -->
