<?xml version="1.0" encoding="UTF-8"?>
<!-- Generated by org.testng.reporters.JUnitReportReporter -->
<testsuite skipped="0" hostname="User-PC" name="com.acti.tasksLib.CRMLoginTest" tests="1" failures="0" timestamp="10 Sep 2019 12:57:18 GMT" time="7.048" errors="0">
  <testcase name="verifyCRMValidLoginTest" time="7.048" classname="com.acti.tasksLib.CRMLoginTest"/>
</testsuite> <!-- com.acti.tasksLib.CRMLoginTest -->
