<?xml version="1.0" encoding="UTF-8"?>
<!-- Generated by org.testng.reporters.JUnitReportReporter -->
<testsuite skipped="0" hostname="User-PC" name="testng.Customer" tests="1" failures="0" timestamp="10 Oct 2019 10:19:38 GMT" time="0.016" errors="0">
  <testcase name="register" time="0.016" classname="testng.Customer"/>
</testsuite> <!-- testng.Customer -->
