<?xml version="1.0" encoding="UTF-8"?>
<!-- Generated by org.testng.reporters.JUnitReportReporter -->
<testsuite skipped="1" hostname="User-PC" name="testng.Remo" tests="2" failures="0" timestamp="28 Aug 2019 06:04:29 GMT" time="0.000" errors="0">
  <testcase name="bun" time="0.000" classname="testng.Remo"/>
  <testcase name="sun" classname="testng.Remo">
    <skipped/>
  </testcase> <!-- sun -->
</testsuite> <!-- testng.Remo -->
