<?xml version="1.0" encoding="UTF-8"?>
<!-- Generated by org.testng.reporters.JUnitReportReporter -->
<testsuite skipped="0" hostname="User-PC" name="com.acti.tasksLib.CampaignsTabTest" tests="1" failures="0" timestamp="10 Sep 2019 13:14:50 GMT" time="15.279" errors="0">
  <testcase name="campaignsTab" time="15.279" classname="com.acti.tasksLib.CampaignsTabTest"/>
</testsuite> <!-- com.acti.tasksLib.CampaignsTabTest -->
