<?xml version="1.0" encoding="UTF-8"?>
<!-- Generated by org.testng.reporters.JUnitReportReporter -->
<testsuite skipped="0" hostname="User-PC" name="testng.Parallel3" tests="1" failures="0" timestamp="07 Oct 2019 12:53:44 GMT" time="4.028" errors="0">
  <testcase name="runChrome" time="4.028" classname="testng.Parallel3"/>
</testsuite> <!-- testng.Parallel3 -->
