<?xml version="1.0" encoding="UTF-8"?>
<!-- Generated by org.testng.reporters.JUnitReportReporter -->
<testsuite skipped="0" hostname="User-PC" name="com.acti.tasksLib.SaveTheCustomerInCampaignsListTest" tests="1" failures="0" timestamp="12 Sep 2019 05:30:05 GMT" time="33.439" errors="0">
  <testcase name="SaveCustomerInCampaignList" time="33.439" classname="com.acti.tasksLib.SaveTheCustomerInCampaignsListTest"/>
</testsuite> <!-- com.acti.tasksLib.SaveTheCustomerInCampaignsListTest -->
