<?xml version="1.0" encoding="UTF-8"?>
<!-- Generated by org.testng.reporters.JUnitReportReporter -->
<testsuite skipped="0" hostname="User-PC" name="testng.Parallel1" tests="1" failures="0" timestamp="07 Oct 2019 12:53:44 GMT" time="4.653" errors="0">
  <testcase name="runChrome" time="4.653" classname="testng.Parallel1"/>
</testsuite> <!-- testng.Parallel1 -->
