<?xml version="1.0" encoding="UTF-8"?>
<!-- Generated by org.testng.reporters.JUnitReportReporter -->
<testsuite skipped="0" hostname="User-PC" name="testng.Grouping" tests="7" failures="0" timestamp="10 Oct 2019 10:19:38 GMT" time="0.015" errors="0">
  <testcase name="runSmoke2" time="0.004" classname="testng.Grouping"/>
  <testcase name="runIT2" time="0.005" classname="testng.Grouping"/>
  <testcase name="runSTandRT" time="0.001" classname="testng.Grouping"/>
  <testcase name="runRT" time="0.002" classname="testng.Grouping"/>
  <testcase name="runSmoke1" time="0.001" classname="testng.Grouping"/>
  <testcase name="runIT1" time="0.001" classname="testng.Grouping"/>
  <testcase name="runST" time="0.001" classname="testng.Grouping"/>
</testsuite> <!-- testng.Grouping -->
