<?xml version="1.0" encoding="UTF-8"?>
<!-- Generated by org.testng.reporters.JUnitReportReporter -->
<testsuite skipped="0" hostname="User-PC" name="com.acti.tasksLib.SaveTheCustomerInCampaignsListTest" tests="1" failures="0" timestamp="10 Sep 2019 13:29:31 GMT" time="49.824" errors="0">
  <testcase name="SaveCustomerInCampaignList" time="49.824" classname="com.acti.tasksLib.SaveTheCustomerInCampaignsListTest"/>
</testsuite> <!-- com.acti.tasksLib.SaveTheCustomerInCampaignsListTest -->
