<?xml version="1.0" encoding="UTF-8"?>
<!-- Generated by org.testng.reporters.JUnitReportReporter -->
<testsuite skipped="0" hostname="User-PC" name="testng.Demo" tests="5" failures="0" timestamp="28 Aug 2019 06:13:20 GMT" time="0.016" errors="0">
  <testcase name="walk" time="0.000" classname="testng.Demo"/>
  <testcase name="walk" time="0.000" classname="testng.Demo"/>
  <testcase name="walk" time="0.016" classname="testng.Demo"/>
  <testcase name="run" time="0.000" classname="testng.Demo"/>
  <testcase name="bun" time="0.000" classname="testng.Demo"/>
</testsuite> <!-- testng.Demo -->
