<?xml version="1.0" encoding="UTF-8"?>
<!-- Generated by org.testng.reporters.JUnitReportReporter -->
<testsuite skipped="0" hostname="User-PC" name="com.acti.tasksLib.CRMLoginTest" tests="1" failures="0" timestamp="12 Sep 2019 05:46:29 GMT" time="6.462" errors="0">
  <testcase name="verifyCRMValidLoginTest" time="6.462" classname="com.acti.tasksLib.CRMLoginTest"/>
</testsuite> <!-- com.acti.tasksLib.CRMLoginTest -->
